  [1m[35m (5917.2ms)[0m  [1m[35mCREATE DATABASE "RecipeApp_development" ENCODING = 'unicode'[0m
  [1m[35m (529.8ms)[0m  [1m[35mCREATE DATABASE "RecipeApp_test" ENCODING = 'unicode'[0m
  [1m[35m (92.1ms)[0m  [1m[35mCREATE TABLE "schema_migrations" ("version" character varying NOT NULL PRIMARY KEY)[0m
  [1m[35m (130.7ms)[0m  [1m[35mCREATE TABLE "ar_internal_metadata" ("key" character varying NOT NULL PRIMARY KEY, "value" character varying, "created_at" timestamp(6) NOT NULL, "updated_at" timestamp(6) NOT NULL)[0m
  [1m[35m (0.3ms)[0m  [1m[34mSELECT pg_try_advisory_lock(1406158680827100060)[0m
  [1m[36mActiveRecord::SchemaMigration Pluck (1.2ms)[0m  [1m[34mSELECT "schema_migrations"."version" FROM "schema_migrations" ORDER BY "schema_migrations"."version" ASC[0m
Migrating to CreateUsers (20230703064449)
  [1m[36mTRANSACTION (0.2ms)[0m  [1m[35mBEGIN[0m
  [1m[35m (69.8ms)[0m  [1m[35mCREATE TABLE "users" ("id" bigserial primary key, "name" character varying, "created_at" timestamp(6) NOT NULL, "updated_at" timestamp(6) NOT NULL)[0m
  [1m[36mActiveRecord::SchemaMigration Create (14.3ms)[0m  [1m[32mINSERT INTO "schema_migrations" ("version") VALUES ($1) RETURNING "version"[0m  [["version", "20230703064449"]]
  [1m[36mTRANSACTION (0.8ms)[0m  [1m[35mCOMMIT[0m
Migrating to CreateFoods (20230703200422)
  [1m[36mTRANSACTION (0.5ms)[0m  [1m[35mBEGIN[0m
  [1m[35m (78.3ms)[0m  [1m[35mCREATE TABLE "foods" ("id" bigserial primary key, "name" character varying, "measurement" character varying, "price" decimal, "quantity" character varying, "created_at" timestamp(6) NOT NULL, "updated_at" timestamp(6) NOT NULL)[0m
  [1m[36mActiveRecord::SchemaMigration Create (0.5ms)[0m  [1m[32mINSERT INTO "schema_migrations" ("version") VALUES ($1) RETURNING "version"[0m  [["version", "20230703200422"]]
  [1m[36mTRANSACTION (1.4ms)[0m  [1m[35mCOMMIT[0m
Migrating to CreateRecipes (20230703201032)
  [1m[36mTRANSACTION (0.5ms)[0m  [1m[35mBEGIN[0m
  [1m[35m (87.5ms)[0m  [1m[35mCREATE TABLE "recipes" ("id" bigserial primary key, "name" character varying, "preparation_time" integer, "cooking_time" integer, "description" text, "public" boolean, "created_at" timestamp(6) NOT NULL, "updated_at" timestamp(6) NOT NULL)[0m
  [1m[36mActiveRecord::SchemaMigration Create (0.5ms)[0m  [1m[32mINSERT INTO "schema_migrations" ("version") VALUES ($1) RETURNING "version"[0m  [["version", "20230703201032"]]
  [1m[36mTRANSACTION (1.2ms)[0m  [1m[35mCOMMIT[0m
Migrating to CreateRecipeFoods (20230703201839)
  [1m[36mTRANSACTION (0.5ms)[0m  [1m[35mBEGIN[0m
  [1m[35m (41.8ms)[0m  [1m[35mCREATE TABLE "recipe_foods" ("id" bigserial primary key, "quantity" integer, "recipe_id" bigint NOT NULL, "food_id" bigint NOT NULL, "created_at" timestamp(6) NOT NULL, "updated_at" timestamp(6) NOT NULL, CONSTRAINT "fk_rails_b279eaba63"
FOREIGN KEY ("recipe_id")
  REFERENCES "recipes" ("id")
, CONSTRAINT "fk_rails_cef9648c35"
FOREIGN KEY ("food_id")
  REFERENCES "foods" ("id")
)[0m
  [1m[35m (30.6ms)[0m  [1m[35mCREATE INDEX "index_recipe_foods_on_recipe_id" ON "recipe_foods" ("recipe_id")[0m
  [1m[35m (37.7ms)[0m  [1m[35mCREATE INDEX "index_recipe_foods_on_food_id" ON "recipe_foods" ("food_id")[0m
  [1m[36mActiveRecord::SchemaMigration Create (0.4ms)[0m  [1m[32mINSERT INTO "schema_migrations" ("version") VALUES ($1) RETURNING "version"[0m  [["version", "20230703201839"]]
  [1m[36mTRANSACTION (1.1ms)[0m  [1m[35mCOMMIT[0m
Migrating to AddDeviseToUsers (20230703214835)
  [1m[36mTRANSACTION (0.5ms)[0m  [1m[35mBEGIN[0m
  [1m[35m (37.6ms)[0m  [1m[35mALTER TABLE "users" ADD "email" character varying DEFAULT '' NOT NULL[0m
  [1m[35m (0.6ms)[0m  [1m[35mALTER TABLE "users" ADD "encrypted_password" character varying DEFAULT '' NOT NULL[0m
  [1m[35m (0.6ms)[0m  [1m[35mALTER TABLE "users" ADD "reset_password_token" character varying[0m
  [1m[35m (0.6ms)[0m  [1m[35mALTER TABLE "users" ADD "reset_password_sent_at" timestamp(6)[0m
  [1m[35m (0.6ms)[0m  [1m[35mALTER TABLE "users" ADD "remember_created_at" timestamp(6)[0m
  [1m[35m (32.5ms)[0m  [1m[35mCREATE UNIQUE INDEX "index_users_on_email" ON "users" ("email")[0m
  [1m[35m (41.3ms)[0m  [1m[35mCREATE UNIQUE INDEX "index_users_on_reset_password_token" ON "users" ("reset_password_token")[0m
  [1m[36mActiveRecord::SchemaMigration Create (0.5ms)[0m  [1m[32mINSERT INTO "schema_migrations" ("version") VALUES ($1) RETURNING "version"[0m  [["version", "20230703214835"]]
  [1m[36mTRANSACTION (1.1ms)[0m  [1m[35mCOMMIT[0m
  [1m[36mActiveRecord::InternalMetadata Load (1.3ms)[0m  [1m[34mSELECT "ar_internal_metadata".* FROM "ar_internal_metadata" WHERE "ar_internal_metadata"."key" = $1 LIMIT $2[0m  [["key", "environment"], ["LIMIT", 1]]
  [1m[36mTRANSACTION (0.2ms)[0m  [1m[35mBEGIN[0m
  [1m[36mActiveRecord::InternalMetadata Create (0.9ms)[0m  [1m[32mINSERT INTO "ar_internal_metadata" ("key", "value", "created_at", "updated_at") VALUES ($1, $2, $3, $4) RETURNING "key"[0m  [["key", "environment"], ["value", "development"], ["created_at", "2023-07-03 21:50:47.414988"], ["updated_at", "2023-07-03 21:50:47.414988"]]
  [1m[36mTRANSACTION (0.9ms)[0m  [1m[35mCOMMIT[0m
  [1m[35m (0.4ms)[0m  [1m[34mSELECT pg_advisory_unlock(1406158680827100060)[0m
  [1m[36mActiveRecord::SchemaMigration Pluck (2.3ms)[0m  [1m[34mSELECT "schema_migrations"."version" FROM "schema_migrations" ORDER BY "schema_migrations"."version" ASC[0m
  [1m[35m (0.4ms)[0m  [1m[34mSELECT pg_try_advisory_lock(1406158680827100060)[0m
  [1m[36mActiveRecord::SchemaMigration Pluck (2.7ms)[0m  [1m[34mSELECT "schema_migrations"."version" FROM "schema_migrations" ORDER BY "schema_migrations"."version" ASC[0m
Migrating to AddColumnToUser (20230703220810)
  [1m[36mTRANSACTION (0.3ms)[0m  [1m[35mBEGIN[0m
  [1m[35m (2.4ms)[0m  [1m[35mALTER TABLE "users" ADD "confirmed_at" timestamp(6)[0m
  [1m[35m (0.6ms)[0m  [1m[35mALTER TABLE "users" ADD "confirmation_token" character varying[0m
  [1m[35m (0.6ms)[0m  [1m[35mALTER TABLE "users" ADD "confirmation_sent_at" timestamp(6)[0m
  [1m[35m (0.6ms)[0m  [1m[35mALTER TABLE "users" ADD "unconfirmed_email" character varying[0m
  [1m[36mActiveRecord::SchemaMigration Create (0.7ms)[0m  [1m[32mINSERT INTO "schema_migrations" ("version") VALUES ($1) RETURNING "version"[0m  [["version", "20230703220810"]]
  [1m[36mTRANSACTION (1.8ms)[0m  [1m[35mCOMMIT[0m
  [1m[36mActiveRecord::InternalMetadata Load (32.5ms)[0m  [1m[34mSELECT "ar_internal_metadata".* FROM "ar_internal_metadata" WHERE "ar_internal_metadata"."key" = $1 LIMIT $2[0m  [["key", "environment"], ["LIMIT", 1]]
  [1m[35m (0.4ms)[0m  [1m[34mSELECT pg_advisory_unlock(1406158680827100060)[0m
  [1m[36mActiveRecord::SchemaMigration Pluck (2.6ms)[0m  [1m[34mSELECT "schema_migrations"."version" FROM "schema_migrations" ORDER BY "schema_migrations"."version" ASC[0m
Started GET "/" for 127.0.0.1 at 2023-07-04 00:09:36 +0100
  [1m[36mActiveRecord::SchemaMigration Pluck (2.6ms)[0m  [1m[34mSELECT "schema_migrations"."version" FROM "schema_migrations" ORDER BY "schema_migrations"."version" ASC[0m
  
ActionController::RoutingError (uninitialized constant HomeController):
  
Started GET "/" for 127.0.0.1 at 2023-07-04 00:10:35 +0100
  
ActionController::RoutingError (uninitialized constant HomeController):
  
Started GET "/" for 127.0.0.1 at 2023-07-04 00:14:14 +0100
  [1m[36mActiveRecord::SchemaMigration Pluck (1.4ms)[0m  [1m[34mSELECT "schema_migrations"."version" FROM "schema_migrations" ORDER BY "schema_migrations"."version" ASC[0m
  
ActionController::RoutingError (uninitialized constant HomeController):
  
Started GET "/" for 127.0.0.1 at 2023-07-04 00:25:41 +0100
Processing by FoodsController#index as HTML
Completed 401 Unauthorized in 515ms (Allocations: 3088)


Started GET "/users/sign_in" for 127.0.0.1 at 2023-07-04 00:25:47 +0100
Processing by Devise::SessionsController#new as HTML
  Rendering layout layouts/application.html.erb
  Rendering C:/Ruby32-x64/lib/ruby/gems/3.2.0/gems/devise-4.9.2/app/views/devise/sessions/new.html.erb within layouts/application
  Rendered C:/Ruby32-x64/lib/ruby/gems/3.2.0/gems/devise-4.9.2/app/views/devise/shared/_links.html.erb (Duration: 92.2ms | Allocations: 831)
  Rendered C:/Ruby32-x64/lib/ruby/gems/3.2.0/gems/devise-4.9.2/app/views/devise/sessions/new.html.erb within layouts/application (Duration: 462.4ms | Allocations: 4451)
  Rendered layout layouts/application.html.erb (Duration: 5232.4ms | Allocations: 81811)
Completed 500 Internal Server Error in 5698ms (ActiveRecord: 104.8ms | Allocations: 95655)


  
ActionView::Template::Error (Permission denied @ rb_file_s_rename - (C:/Users/Ridwan/Desktop/ruby_on_rails/RecipeApp/tmp/cache/assets/sprockets/v4.0.0/Ym/Ym4ZCxcNYAGBjzuDwkX0k--YHFj0c5ZPQPR8HVXaBiY.cache.42280.5888.40171, C:/Users/Ridwan/Desktop/ruby_on_rails/RecipeApp/tmp/cache/assets/sprockets/v4.0.0/Ym/Ym4ZCxcNYAGBjzuDwkX0k--YHFj0c5ZPQPR8HVXaBiY.cache)):
  
sprockets (4.2.0) lib/sprockets/path_utils.rb:362:in `rename'
sprockets (4.2.0) lib/sprockets/path_utils.rb:362:in `atomic_write'
sprockets (4.2.0) lib/sprockets/cache/file_store.rb:112:in `set'
sprockets (4.2.0) lib/sprockets/cache.rb:227:in `set'
sprockets (4.2.0) lib/sprockets/cache.rb:93:in `fetch'
sprockets (4.2.0) lib/sprockets/base.rb:71:in `file_digest'
sprockets (4.2.0) lib/sprockets/unloaded_asset.rb:105:in `dependency_history_key'
sprockets (4.2.0) lib/sprockets/loader.rb:324:in `fetch_asset_from_dependency_cache'
sprockets (4.2.0) lib/sprockets/loader.rb:43:in `load'
sprockets (4.2.0) lib/sprockets/cached_environment.rb:44:in `block in load'
concurrent-ruby (1.2.2) lib/concurrent-ruby/concurrent/map.rb:207:in `block in fetch_or_store'
concurrent-ruby (1.2.2) lib/concurrent-ruby/concurrent/map.rb:187:in `fetch'
concurrent-ruby (1.2.2) lib/concurrent-ruby/concurrent/map.rb:206:in `fetch_or_store'
sprockets (4.2.0) lib/sprockets/cached_environment.rb:44:in `load'
sprockets (4.2.0) lib/sprockets/context.rb:117:in `load'
sprockets (4.2.0) lib/sprockets/context.rb:145:in `depend_on_asset'
sprockets (4.2.0) lib/sprockets/context.rb:185:in `link_asset'
sprockets-rails (3.4.2) lib/sprockets/rails/context.rb:27:in `compute_asset_path'
actionview (7.0.6) lib/action_view/helpers/asset_url_helper.rb:203:in `asset_path'
sprockets-rails (3.4.2) lib/sprockets/rails/sourcemapping_url_processor.rb:41:in `sourcemap_asset_path'
sprockets-rails (3.4.2) lib/sprockets/rails/sourcemapping_url_processor.rb:34:in `resolved_sourcemap_comment'
sprockets-rails (3.4.2) lib/sprockets/rails/sourcemapping_url_processor.rb:15:in `block in call'
sprockets-rails (3.4.2) lib/sprockets/rails/sourcemapping_url_processor.rb:11:in `gsub'
sprockets-rails (3.4.2) lib/sprockets/rails/sourcemapping_url_processor.rb:11:in `call'
sprockets (4.2.0) lib/sprockets/processor_utils.rb:84:in `call_processor'
sprockets (4.2.0) lib/sprockets/processor_utils.rb:66:in `block in call_processors'
sprockets (4.2.0) lib/sprockets/processor_utils.rb:65:in `reverse_each'
sprockets (4.2.0) lib/sprockets/processor_utils.rb:65:in `call_processors'
sprockets (4.2.0) lib/sprockets/loader.rb:182:in `load_from_unloaded'
sprockets (4.2.0) lib/sprockets/loader.rb:59:in `block in load'
sprockets (4.2.0) lib/sprockets/loader.rb:337:in `fetch_asset_from_dependency_cache'
sprockets (4.2.0) lib/sprockets/loader.rb:43:in `load'
sprockets (4.2.0) lib/sprockets/cached_environment.rb:44:in `block in load'
concurrent-ruby (1.2.2) lib/concurrent-ruby/concurrent/map.rb:207:in `block in fetch_or_store'
concurrent-ruby (1.2.2) lib/concurrent-ruby/concurrent/map.rb:187:in `fetch'
concurrent-ruby (1.2.2) lib/concurrent-ruby/concurrent/map.rb:206:in `fetch_or_store'
sprockets (4.2.0) lib/sprockets/cached_environment.rb:44:in `load'
sprockets (4.2.0) lib/sprockets/bundle.rb:27:in `call'
sprockets (4.2.0) lib/sprockets/processor_utils.rb:84:in `call_processor'
sprockets (4.2.0) lib/sprockets/processor_utils.rb:66:in `block in call_processors'
sprockets (4.2.0) lib/sprockets/processor_utils.rb:65:in `reverse_each'
sprockets (4.2.0) lib/sprockets/processor_utils.rb:65:in `call_processors'
sprockets (4.2.0) lib/sprockets/loader.rb:182:in `load_from_unloaded'
sprockets (4.2.0) lib/sprockets/loader.rb:59:in `block in load'
sprockets (4.2.0) lib/sprockets/loader.rb:337:in `fetch_asset_from_dependency_cache'
sprockets (4.2.0) lib/sprockets/loader.rb:43:in `load'
sprockets (4.2.0) lib/sprockets/cached_environment.rb:44:in `block in load'
concurrent-ruby (1.2.2) lib/concurrent-ruby/concurrent/map.rb:207:in `block in fetch_or_store'
concurrent-ruby (1.2.2) lib/concurrent-ruby/concurrent/map.rb:187:in `fetch'
concurrent-ruby (1.2.2) lib/concurrent-ruby/concurrent/map.rb:206:in `fetch_or_store'
sprockets (4.2.0) lib/sprockets/cached_environment.rb:44:in `load'
sprockets (4.2.0) lib/sprockets/base.rb:81:in `find_asset'
sprockets (4.2.0) lib/sprockets/base.rb:88:in `find_all_linked_assets'
sprockets (4.2.0) lib/sprockets/manifest.rb:125:in `each'
sprockets (4.2.0) lib/sprockets/manifest.rb:125:in `to_a'
sprockets (4.2.0) lib/sprockets/manifest.rb:125:in `block (2 levels) in find'
concurrent-ruby (1.2.2) lib/concurrent-ruby/concurrent/executor/safe_task_executor.rb:24:in `block in execute'
concurrent-ruby (1.2.2) lib/concurrent-ruby/concurrent/synchronization/mutex_lockable_object.rb:48:in `block in synchronize'
concurrent-ruby (1.2.2) lib/concurrent-ruby/concurrent/synchronization/mutex_lockable_object.rb:48:in `synchronize'
concurrent-ruby (1.2.2) lib/concurrent-ruby/concurrent/synchronization/mutex_lockable_object.rb:48:in `synchronize'
concurrent-ruby (1.2.2) lib/concurrent-ruby/concurrent/executor/safe_task_executor.rb:22:in `execute'
concurrent-ruby (1.2.2) lib/concurrent-ruby/concurrent/promise.rb:564:in `block in realize'
concurrent-ruby (1.2.2) lib/concurrent-ruby/concurrent/executor/ruby_thread_pool_executor.rb:352:in `run_task'
concurrent-ruby (1.2.2) lib/concurrent-ruby/concurrent/executor/ruby_thread_pool_executor.rb:343:in `block (3 levels) in create_worker'
concurrent-ruby (1.2.2) lib/concurrent-ruby/concurrent/executor/ruby_thread_pool_executor.rb:334:in `loop'
concurrent-ruby (1.2.2) lib/concurrent-ruby/concurrent/executor/ruby_thread_pool_executor.rb:334:in `block (2 levels) in create_worker'
concurrent-ruby (1.2.2) lib/concurrent-ruby/concurrent/executor/ruby_thread_pool_executor.rb:333:in `catch'
concurrent-ruby (1.2.2) lib/concurrent-ruby/concurrent/executor/ruby_thread_pool_executor.rb:333:in `block in create_worker'
Started GET "/users/sign_in" for 127.0.0.1 at 2023-07-04 00:28:22 +0100
Processing by Devise::SessionsController#new as HTML
  Rendering layout layouts/application.html.erb
  Rendering C:/Ruby32-x64/lib/ruby/gems/3.2.0/gems/devise-4.9.2/app/views/devise/sessions/new.html.erb within layouts/application
  Rendered C:/Ruby32-x64/lib/ruby/gems/3.2.0/gems/devise-4.9.2/app/views/devise/shared/_links.html.erb (Duration: 0.4ms | Allocations: 186)
  Rendered C:/Ruby32-x64/lib/ruby/gems/3.2.0/gems/devise-4.9.2/app/views/devise/sessions/new.html.erb within layouts/application (Duration: 3.2ms | Allocations: 1262)
  Rendered layout layouts/application.html.erb (Duration: 1177.2ms | Allocations: 90917)
Completed 200 OK in 1299ms (Views: 1292.5ms | ActiveRecord: 0.0ms | Allocations: 91686)


Started GET "/users/sign_up" for 127.0.0.1 at 2023-07-04 00:29:09 +0100
Processing by Devise::RegistrationsController#new as HTML
  Rendering layout layouts/application.html.erb
  Rendering C:/Ruby32-x64/lib/ruby/gems/3.2.0/gems/devise-4.9.2/app/views/devise/registrations/new.html.erb within layouts/application
  Rendered C:/Ruby32-x64/lib/ruby/gems/3.2.0/gems/devise-4.9.2/app/views/devise/shared/_error_messages.html.erb (Duration: 12.8ms | Allocations: 234)
  Rendered C:/Ruby32-x64/lib/ruby/gems/3.2.0/gems/devise-4.9.2/app/views/devise/shared/_links.html.erb (Duration: 0.9ms | Allocations: 211)
  Rendered C:/Ruby32-x64/lib/ruby/gems/3.2.0/gems/devise-4.9.2/app/views/devise/registrations/new.html.erb within layouts/application (Duration: 108.8ms | Allocations: 2168)
  Rendered layout layouts/application.html.erb (Duration: 290.0ms | Allocations: 9684)
Completed 200 OK in 319ms (Views: 307.6ms | ActiveRecord: 0.0ms | Allocations: 10924)


Started GET "/users/sign_up" for 127.0.0.1 at 2023-07-04 00:58:13 +0100
Processing by Devise::RegistrationsController#new as HTML
  Rendering layout layouts/application.html.erb
  Rendering C:/Ruby32-x64/lib/ruby/gems/3.2.0/gems/devise-4.9.2/app/views/devise/registrations/new.html.erb within layouts/application
  Rendered C:/Ruby32-x64/lib/ruby/gems/3.2.0/gems/devise-4.9.2/app/views/devise/shared/_error_messages.html.erb (Duration: 1.0ms | Allocations: 226)
  Rendered C:/Ruby32-x64/lib/ruby/gems/3.2.0/gems/devise-4.9.2/app/views/devise/shared/_links.html.erb (Duration: 1.6ms | Allocations: 585)
  Rendered C:/Ruby32-x64/lib/ruby/gems/3.2.0/gems/devise-4.9.2/app/views/devise/registrations/new.html.erb within layouts/application (Duration: 16.2ms | Allocations: 2562)
  Rendered layout layouts/application.html.erb (Duration: 1833.7ms | Allocations: 33703)
Completed 200 OK in 2518ms (Views: 1855.5ms | ActiveRecord: 235.5ms | Allocations: 41608)


Started GET "/users/sign_up" for 127.0.0.1 at 2023-07-04 00:58:48 +0100
Processing by Devise::RegistrationsController#new as HTML
  Rendering layout layouts/application.html.erb
  Rendering C:/Ruby32-x64/lib/ruby/gems/3.2.0/gems/devise-4.9.2/app/views/devise/registrations/new.html.erb within layouts/application
  Rendered C:/Ruby32-x64/lib/ruby/gems/3.2.0/gems/devise-4.9.2/app/views/devise/shared/_error_messages.html.erb (Duration: 0.1ms | Allocations: 14)
  Rendered C:/Ruby32-x64/lib/ruby/gems/3.2.0/gems/devise-4.9.2/app/views/devise/shared/_links.html.erb (Duration: 0.2ms | Allocations: 133)
  Rendered C:/Ruby32-x64/lib/ruby/gems/3.2.0/gems/devise-4.9.2/app/views/devise/registrations/new.html.erb within layouts/application (Duration: 3.7ms | Allocations: 1237)
  Rendered layout layouts/application.html.erb (Duration: 14.8ms | Allocations: 3409)
Completed 200 OK in 21ms (Views: 16.3ms | ActiveRecord: 0.0ms | Allocations: 4102)


Started GET "/users/sign_up" for 127.0.0.1 at 2023-07-04 00:59:24 +0100
Processing by Devise::RegistrationsController#new as HTML
  Rendering layout layouts/application.html.erb
  Rendering C:/Ruby32-x64/lib/ruby/gems/3.2.0/gems/devise-4.9.2/app/views/devise/registrations/new.html.erb within layouts/application
  Rendered C:/Ruby32-x64/lib/ruby/gems/3.2.0/gems/devise-4.9.2/app/views/devise/shared/_error_messages.html.erb (Duration: 0.9ms | Allocations: 225)
  Rendered C:/Ruby32-x64/lib/ruby/gems/3.2.0/gems/devise-4.9.2/app/views/devise/shared/_links.html.erb (Duration: 1.8ms | Allocations: 571)
  Rendered C:/Ruby32-x64/lib/ruby/gems/3.2.0/gems/devise-4.9.2/app/views/devise/registrations/new.html.erb within layouts/application (Duration: 14.3ms | Allocations: 2495)
  Rendered layout layouts/application.html.erb (Duration: 25.9ms | Allocations: 4988)
Completed 200 OK in 46ms (Views: 41.5ms | ActiveRecord: 0.0ms | Allocations: 6859)


  [1m[35m (1.4ms)[0m  [1m[34mSELECT pg_try_advisory_lock(1406158680827100060)[0m
  [1m[36mActiveRecord::SchemaMigration Pluck (11.9ms)[0m  [1m[34mSELECT "schema_migrations"."version" FROM "schema_migrations" ORDER BY "schema_migrations"."version" ASC[0m
Migrating to AddForeignKeyToColumn (20230704052539)
  [1m[36mTRANSACTION (1.0ms)[0m  [1m[35mBEGIN[0m
  [1m[35m (115.8ms)[0m  [1m[35mALTER TABLE "recipes" ADD CONSTRAINT "fk_rails_9606fce865"
FOREIGN KEY ("user_id")
  REFERENCES "users" ("id")
[0m
  [1m[36mTRANSACTION (0.2ms)[0m  [1m[31mROLLBACK[0m
  [1m[35m (0.4ms)[0m  [1m[34mSELECT pg_advisory_unlock(1406158680827100060)[0m
  [1m[35m (1.0ms)[0m  [1m[34mSELECT pg_try_advisory_lock(1406158680827100060)[0m
  [1m[36mActiveRecord::SchemaMigration Pluck (6.0ms)[0m  [1m[34mSELECT "schema_migrations"."version" FROM "schema_migrations" ORDER BY "schema_migrations"."version" ASC[0m
Migrating to AddForeignKeyToColumn (20230704052539)
  [1m[36mTRANSACTION (0.5ms)[0m  [1m[35mBEGIN[0m
  [1m[35m (5.1ms)[0m  [1m[35mALTER TABLE "recipes" ADD CONSTRAINT "fk_rails_56f39937e7"
FOREIGN KEY ("user")
  REFERENCES "users" ("id")
[0m
  [1m[36mTRANSACTION (0.4ms)[0m  [1m[31mROLLBACK[0m
  [1m[35m (0.8ms)[0m  [1m[34mSELECT pg_advisory_unlock(1406158680827100060)[0m
  [1m[35m (0.4ms)[0m  [1m[34mSELECT pg_try_advisory_lock(1406158680827100060)[0m
  [1m[36mActiveRecord::SchemaMigration Pluck (3.0ms)[0m  [1m[34mSELECT "schema_migrations"."version" FROM "schema_migrations" ORDER BY "schema_migrations"."version" ASC[0m
Migrating to AddForeignKeyToColumn (20230704052539)
  [1m[36mTRANSACTION (0.4ms)[0m  [1m[35mBEGIN[0m
  [1m[35m (110.2ms)[0m  [1m[35mALTER TABLE "recipes" ADD "user_id" bigint[0m
  [1m[35m (208.7ms)[0m  [1m[35mCREATE INDEX "index_recipes_on_user_id" ON "recipes" ("user_id")[0m
  [1m[35m (150.1ms)[0m  [1m[35mALTER TABLE "recipes" ADD CONSTRAINT "fk_rails_9606fce865"
FOREIGN KEY ("user_id")
  REFERENCES "users" ("id")
[0m
  [1m[35m (2.1ms)[0m  [1m[35mALTER TABLE "foods" ADD "user_id" bigint[0m
  [1m[35m (59.9ms)[0m  [1m[35mCREATE INDEX "index_foods_on_user_id" ON "foods" ("user_id")[0m
  [1m[35m (50.9ms)[0m  [1m[35mALTER TABLE "foods" ADD CONSTRAINT "fk_rails_541e2e5c7b"
FOREIGN KEY ("user_id")
  REFERENCES "users" ("id")
[0m
  [1m[36mActiveRecord::SchemaMigration Create (2.0ms)[0m  [1m[32mINSERT INTO "schema_migrations" ("version") VALUES ($1) RETURNING "version"[0m  [["version", "20230704052539"]]
  [1m[36mTRANSACTION (1.3ms)[0m  [1m[35mCOMMIT[0m
  [1m[36mActiveRecord::InternalMetadata Load (3.1ms)[0m  [1m[34mSELECT "ar_internal_metadata".* FROM "ar_internal_metadata" WHERE "ar_internal_metadata"."key" = $1 LIMIT $2[0m  [["key", "environment"], ["LIMIT", 1]]
  [1m[35m (0.3ms)[0m  [1m[34mSELECT pg_advisory_unlock(1406158680827100060)[0m
  [1m[36mActiveRecord::SchemaMigration Pluck (2.1ms)[0m  [1m[34mSELECT "schema_migrations"."version" FROM "schema_migrations" ORDER BY "schema_migrations"."version" ASC[0m
